2025-01-16 14:41:32 - INFO: 数据库连接开启!
2025-01-16 14:41:32 - INFO: 数据获取中...!
2025-01-16 14:41:41 - INFO: 数据获取成功!
2025-01-16 14:41:41 - INFO: 数据库连接关闭!
2025-01-16 14:41:41 - INFO: 创建并写入Excel数据表...
2025-01-16 14:41:48 - INFO: 生成 Excel 文件 excel.xlsx 成功!
2025-01-16 14:42:35 - INFO: 数据库连接开启!
2025-01-16 14:42:35 - INFO: 数据获取中...!
2025-01-16 14:42:43 - INFO: 数据获取成功!
2025-01-16 14:42:43 - INFO: 数据库连接关闭!
2025-01-16 14:42:43 - INFO: 创建并写入Excel数据表...
2025-01-16 14:42:50 - INFO: 生成 Excel 文件 excel.xlsx 成功!
2025-01-16 14:44:35 - INFO: 数据库连接开启!
2025-01-16 14:44:35 - INFO: 数据获取中...!
2025-01-16 14:44:43 - INFO: 数据获取成功!
2025-01-16 14:44:43 - INFO: 数据库连接关闭!
2025-01-16 14:44:43 - INFO: 创建并写入Excel数据表...
2025-01-16 14:44:49 - INFO: 生成 Excel 文件 出库明细.xlsx 成功!
2025-01-16 15:15:43 - INFO: 数据库连接开启!
2025-01-16 15:15:43 - INFO: 数据获取中...!
2025-01-16 15:15:52 - INFO: 数据获取成功!
2025-01-16 15:15:52 - INFO: 数据库连接关闭!
2025-01-16 15:15:52 - INFO: 创建并写入Excel数据表...
2025-01-16 15:15:59 - INFO: 生成 Excel 文件 出库明细.xlsx 成功!
2025-01-16 15:16:04 - INFO: 数据库连接开启!
2025-01-16 15:16:04 - INFO: 数据获取中...!
2025-01-16 15:16:23 - INFO: 数据获取成功!
2025-01-16 15:16:23 - INFO: 数据库连接关闭!
2025-01-16 15:16:23 - INFO: 创建并写入Excel数据表...
2025-01-16 15:16:41 - INFO: 生成 Excel 文件 产品明细.xlsx 成功!
2025-01-16 15:16:49 - INFO: 数据库连接开启!
2025-01-16 15:16:49 - INFO: 数据获取中...!
2025-01-16 15:16:50 - INFO: 数据获取成功!
2025-01-16 15:16:50 - INFO: 数据库连接关闭!
2025-01-16 15:16:50 - INFO: 创建并写入Excel数据表...
2025-01-16 15:16:56 - INFO: 生成 Excel 文件 订单明细.xlsx 成功!
2025-01-16 15:17:02 - INFO: 数据库连接开启!
2025-01-16 15:17:02 - INFO: 数据获取中...!
2025-01-16 15:17:10 - INFO: 数据获取成功!
2025-01-16 15:17:10 - INFO: 数据库连接关闭!
2025-01-16 15:17:10 - INFO: 创建并写入Excel数据表...
2025-01-16 15:17:26 - INFO: 生成 Excel 文件 合同明细.xlsx 成功!
2025-01-16 15:17:37 - INFO: 数据库连接开启!
2025-01-16 15:17:37 - INFO: 数据获取中...!
2025-01-16 15:17:37 - INFO: 数据获取成功!
2025-01-16 15:17:37 - INFO: 数据库连接关闭!
2025-01-16 15:17:37 - INFO: 创建并写入Excel数据表...
2025-01-16 15:17:37 - INFO: 生成 Excel 文件 装配收入.xlsx 成功!
2025-01-16 15:17:40 - INFO: 数据库连接开启!
2025-01-16 15:17:40 - INFO: 数据获取中...!
2025-01-16 15:17:40 - INFO: 数据获取成功!
2025-01-16 15:17:40 - INFO: 数据库连接关闭!
2025-01-16 15:17:40 - INFO: 创建并写入Excel数据表...
2025-01-16 15:17:41 - INFO: 生成 Excel 文件 研发利润.xlsx 成功!
2025-01-16 15:17:44 - INFO: 数据库连接开启!
2025-01-16 15:17:44 - INFO: 数据获取中...!
2025-01-16 15:20:23 - INFO: 数据库连接开启!
2025-01-16 15:20:23 - INFO: 数据获取中...!
2025-01-16 15:22:04 - INFO: 数据库连接开启!
2025-01-16 15:22:04 - INFO: 数据获取中...!
2025-01-16 15:22:04 - INFO: 数据获取成功!
2025-01-16 15:22:04 - INFO: 数据库连接关闭!
2025-01-16 15:22:04 - INFO: 创建并写入Excel数据表...
2025-01-16 15:22:12 - INFO: 生成 Excel 文件 耗材成本.xlsx 成功!
2025-01-16 15:22:16 - INFO: 数据库连接开启!
2025-01-16 15:22:16 - INFO: 数据获取中...!
2025-01-16 15:22:16 - INFO: 数据获取成功!
2025-01-16 15:22:16 - INFO: 数据库连接关闭!
2025-01-16 15:22:16 - INFO: 创建并写入Excel数据表...
2025-01-16 15:22:16 - INFO: 生成 Excel 文件 利润调整.xlsx 成功!
2025-01-16 15:22:18 - INFO: 数据库连接开启!
2025-01-16 15:22:18 - INFO: 数据获取中...!
2025-01-16 15:22:18 - INFO: 数据获取成功!
2025-01-16 15:22:18 - INFO: 数据库连接关闭!
2025-01-16 15:22:18 - INFO: 创建并写入Excel数据表...
2025-01-16 15:22:18 - INFO: 生成 Excel 文件 装配收入.xlsx 成功!
2025-01-16 15:23:04 - INFO: 数据库连接开启!
2025-01-16 15:23:04 - INFO: 数据获取中...!
2025-01-16 15:23:07 - INFO: 数据获取成功!
2025-01-16 15:23:07 - INFO: 数据库连接关闭!
2025-01-16 15:23:07 - INFO: 创建并写入Excel数据表...
2025-01-16 15:23:30 - INFO: 生成 Excel 文件 分配收入.xlsx 成功!
2025-01-16 15:23:39 - INFO: 数据库连接开启!
2025-01-16 15:23:39 - INFO: 数据获取中...!
2025-01-16 15:23:40 - INFO: 数据获取成功!
2025-01-16 15:23:40 - INFO: 数据库连接关闭!
2025-01-16 15:23:40 - INFO: 创建并写入Excel数据表...
2025-01-16 15:23:42 - INFO: 生成 Excel 文件 利润明细.xlsx 成功!
2025-01-16 15:23:49 - INFO: 数据库连接开启!
2025-01-16 15:23:49 - INFO: 数据获取中...!
2025-01-16 15:23:49 - INFO: 数据获取成功!
2025-01-16 15:23:49 - INFO: 数据库连接关闭!
2025-01-16 15:23:49 - INFO: 创建并写入Excel数据表...
2025-01-16 15:23:50 - INFO: 生成 Excel 文件 利润汇总.xlsx 成功!
2025-01-16 15:23:52 - INFO: 数据库连接开启!
2025-01-16 15:23:52 - INFO: 数据获取中...!
2025-01-16 15:23:55 - INFO: 数据获取成功!
2025-01-16 15:23:55 - INFO: 数据库连接关闭!
2025-01-16 15:23:55 - INFO: 创建并写入Excel数据表...
2025-01-16 15:24:03 - INFO: 生成 Excel 文件 合同回款利润.xlsx 成功!
2025-01-16 15:24:05 - INFO: 数据库连接开启!
2025-01-16 15:24:05 - INFO: 数据获取中...!
2025-01-16 15:24:10 - INFO: 数据获取成功!
2025-01-16 15:24:10 - INFO: 数据库连接关闭!
2025-01-16 15:24:10 - INFO: 创建并写入Excel数据表...
2025-01-16 15:24:27 - INFO: 生成 Excel 文件 调整材料成本.xlsx 成功!
2025-01-16 15:36:01 - INFO: 数据库连接开启!
2025-01-16 15:36:01 - INFO: 数据获取中...!
2025-01-16 15:36:11 - INFO: 数据获取成功!
2025-01-16 15:36:11 - INFO: 数据库连接关闭!
2025-01-16 15:36:11 - INFO: 创建并写入Excel数据表...
2025-01-16 15:36:24 - INFO: 生成 Excel 文件 合同明细.xlsx 成功!
2025-01-16 17:02:54 - INFO: 数据库连接开启!
2025-01-16 17:02:54 - INFO: 数据获取中...!
2025-01-16 17:02:54 - INFO: 数据获取成功!
2025-01-16 17:02:54 - INFO: 数据库连接关闭!
2025-01-16 17:02:54 - INFO: 创建并写入Excel数据表...
2025-01-16 17:03:01 - INFO: 生成 Excel 文件 耗材成本.xlsx 成功!
2025-01-20 15:26:41 - INFO: 数据库连接开启!
2025-01-20 15:26:41 - INFO: 数据获取中...!
2025-01-20 15:26:50 - INFO: 数据获取成功!
2025-01-20 15:26:50 - INFO: 数据库连接关闭!
2025-01-20 15:26:50 - INFO: 创建并写入Excel数据表...
2025-01-20 15:27:04 - INFO: 生成 Excel 文件 合同明细.xlsx 成功!
2025-01-20 15:43:22 - INFO: 数据库连接开启!
2025-01-20 15:43:22 - INFO: 数据获取中...!
2025-01-20 15:43:30 - INFO: 数据获取成功!
2025-01-20 15:43:30 - INFO: 数据库连接关闭!
2025-01-20 15:43:30 - INFO: 创建并写入Excel数据表...
2025-01-20 15:43:45 - INFO: 生成 Excel 文件 合同明细.xlsx 成功!
2025-01-21 10:05:58 - INFO: 数据库连接开启!
2025-01-21 10:05:58 - INFO: 数据获取中...!
2025-01-21 10:06:06 - INFO: 数据获取成功!
2025-01-21 10:06:06 - INFO: 数据库连接关闭!
2025-01-21 10:06:06 - INFO: 创建并写入Excel数据表...
2025-01-21 10:06:22 - INFO: 生成 Excel 文件 合同明细.xlsx 成功!
2025-01-21 10:40:34 - INFO: 数据库连接开启!
2025-01-21 10:40:34 - INFO: 数据获取中...!
2025-01-21 10:40:42 - INFO: 数据获取成功!
2025-01-21 10:40:42 - INFO: 数据库连接关闭!
2025-01-21 10:40:42 - INFO: 创建并写入Excel数据表...
2025-01-21 10:40:54 - INFO: 生成 Excel 文件 合同明细.xlsx 成功!
2025-02-06 13:56:33 - INFO: 数据库连接开启!
2025-02-06 13:56:33 - INFO: 数据获取中...!
2025-02-06 13:56:42 - INFO: 数据获取成功!
2025-02-06 13:56:42 - INFO: 数据库连接关闭!
2025-02-06 13:56:42 - INFO: 创建并写入Excel数据表...
2025-02-06 13:56:54 - INFO: 生成 Excel 文件 合同明细.xlsx 成功!
2025-02-13 09:08:48 - INFO: 数据库连接开启!
2025-02-13 09:08:48 - INFO: 数据获取中...!
2025-02-13 09:08:56 - INFO: 数据获取成功!
2025-02-13 09:08:56 - INFO: 数据库连接关闭!
2025-02-13 09:08:56 - INFO: 创建并写入Excel数据表...
2025-02-13 09:09:06 - INFO: 生成 Excel 文件 合同明细.xlsx 成功!
