2024-12-20 16:05:57 - INFO: 连接数据库成功!
2024-12-20 16:05:57 - INFO: 获取游标成功!
2024-12-20 16:06:06 - INFO: 执行SQL语句成功!
2024-12-20 16:06:06 - INFO: 获取数据成功!
2024-12-20 16:06:06 - INFO: 关闭游标成功!
2024-12-20 16:06:06 - INFO: 关闭数据库连接成功!
2024-12-20 16:06:11 - INFO: 生成 Excel 文件 出库明细.xlsx 成功!
2024-12-20 16:06:11 - INFO: 连接数据库成功!
2024-12-20 16:06:11 - INFO: 获取游标成功!
2024-12-20 16:06:30 - INFO: 执行SQL语句成功!
2024-12-20 16:06:30 - INFO: 获取数据成功!
2024-12-20 16:06:30 - INFO: 关闭游标成功!
2024-12-20 16:06:30 - INFO: 关闭数据库连接成功!
2024-12-20 16:06:43 - INFO: 生成 Excel 文件 产品明细.xlsx 成功!
2024-12-20 16:06:43 - INFO: 连接数据库成功!
2024-12-20 16:06:43 - INFO: 获取游标成功!
2024-12-20 16:06:43 - INFO: 执行SQL语句成功!
2024-12-20 16:06:43 - INFO: 获取数据成功!
2024-12-20 16:06:43 - INFO: 关闭游标成功!
2024-12-20 16:06:43 - INFO: 关闭数据库连接成功!
2024-12-20 16:06:48 - INFO: 生成 Excel 文件 订单明细.xlsx 成功!
2024-12-20 16:06:48 - INFO: 连接数据库成功!
2024-12-20 16:06:48 - INFO: 获取游标成功!
2024-12-20 16:06:56 - INFO: 执行SQL语句成功!
2024-12-20 16:06:56 - INFO: 获取数据成功!
2024-12-20 16:06:56 - INFO: 关闭游标成功!
2024-12-20 16:06:56 - INFO: 关闭数据库连接成功!
2024-12-20 16:07:07 - INFO: 生成 Excel 文件 合同明细.xlsx 成功!
2024-12-20 16:07:07 - INFO: 连接数据库成功!
2024-12-20 16:07:07 - INFO: 获取游标成功!
2024-12-20 16:07:07 - INFO: 执行SQL语句成功!
2024-12-20 16:07:07 - INFO: 获取数据成功!
2024-12-20 16:07:07 - INFO: 关闭游标成功!
2024-12-20 16:07:07 - INFO: 关闭数据库连接成功!
2024-12-20 16:07:08 - INFO: 生成 Excel 文件 装配收入.xlsx 成功!
2024-12-20 16:07:08 - INFO: 连接数据库成功!
2024-12-20 16:07:08 - INFO: 获取游标成功!
2024-12-20 16:07:08 - INFO: 执行SQL语句成功!
2024-12-20 16:07:08 - INFO: 获取数据成功!
2024-12-20 16:07:08 - INFO: 关闭游标成功!
2024-12-20 16:07:08 - INFO: 关闭数据库连接成功!
2024-12-20 16:07:10 - INFO: 生成 Excel 文件 研发利润.xlsx 成功!
2024-12-20 16:07:10 - INFO: 连接数据库成功!
2024-12-20 16:07:10 - INFO: 获取游标成功!
2024-12-20 16:07:12 - INFO: 执行SQL语句成功!
2024-12-20 16:07:12 - INFO: 获取数据成功!
2024-12-20 16:07:12 - INFO: 关闭游标成功!
2024-12-20 16:07:12 - INFO: 关闭数据库连接成功!
2024-12-20 16:07:39 - INFO: 生成 Excel 文件 分配收入.xlsx 成功!
2024-12-20 16:07:39 - INFO: 连接数据库成功!
2024-12-20 16:07:39 - INFO: 获取游标成功!
2024-12-20 16:07:40 - INFO: 执行SQL语句成功!
2024-12-20 16:07:40 - INFO: 获取数据成功!
2024-12-20 16:07:40 - INFO: 关闭游标成功!
2024-12-20 16:07:40 - INFO: 关闭数据库连接成功!
2024-12-20 16:07:42 - INFO: 生成 Excel 文件 利润明细.xlsx 成功!
2024-12-20 16:07:42 - INFO: 连接数据库成功!
2024-12-20 16:07:42 - INFO: 获取游标成功!
2024-12-20 16:07:42 - INFO: 执行SQL语句成功!
2024-12-20 16:07:42 - INFO: 获取数据成功!
2024-12-20 16:07:42 - INFO: 关闭游标成功!
2024-12-20 16:07:42 - INFO: 关闭数据库连接成功!
2024-12-20 16:07:43 - INFO: 生成 Excel 文件 利润汇总.xlsx 成功!
2024-12-20 17:16:33 - INFO: 连接数据库成功!
2024-12-20 17:16:33 - INFO: 获取游标成功!
2024-12-20 17:16:41 - INFO: 执行SQL语句成功!
2024-12-20 17:16:41 - INFO: 获取数据成功!
2024-12-20 17:16:41 - INFO: 关闭游标成功!
2024-12-20 17:16:41 - INFO: 关闭数据库连接成功!
2024-12-20 17:16:46 - INFO: 生成 Excel 文件 出库明细.xlsx 成功!
2024-12-20 17:18:18 - INFO: 连接数据库成功!
2024-12-20 17:18:18 - INFO: 获取游标成功!
2024-12-20 17:18:36 - INFO: 执行SQL语句成功!
2024-12-20 17:18:36 - INFO: 获取数据成功!
2024-12-20 17:18:36 - INFO: 关闭游标成功!
2024-12-20 17:18:36 - INFO: 关闭数据库连接成功!
2024-12-20 17:18:48 - INFO: 生成 Excel 文件 产品明细.xlsx 成功!
2024-12-20 17:25:18 - INFO: 连接数据库成功!
2024-12-20 17:25:18 - INFO: 获取游标成功!
2024-12-20 17:25:19 - INFO: 执行SQL语句成功!
2024-12-20 17:25:19 - INFO: 获取数据成功!
2024-12-20 17:25:19 - INFO: 关闭游标成功!
2024-12-20 17:25:19 - INFO: 关闭数据库连接成功!
2024-12-20 17:25:23 - INFO: 生成 Excel 文件 订单明细.xlsx 成功!
2024-12-20 20:07:28 - ERROR: 连接数据库失败!(2003, "Can't connect to MySQL server on '192.168.1.40' (timed out)")
2024-12-23 13:23:26 - INFO: 连接数据库成功!
2024-12-23 13:23:26 - INFO: 获取游标成功!
2024-12-23 13:23:36 - INFO: 执行SQL语句成功!
2024-12-23 13:23:36 - INFO: 获取数据成功!
2024-12-23 13:23:36 - INFO: 关闭游标成功!
2024-12-23 13:23:36 - INFO: 关闭数据库连接成功!
2024-12-23 13:31:02 - INFO: 数据库连接成功!
2024-12-23 13:31:11 - INFO: 数据获取中……!
2024-12-23 13:31:11 - INFO: 数据获取成功!
2024-12-23 13:31:11 - INFO: 数据库连接关闭!
2024-12-23 13:40:16 - INFO: 数据库连接成功!
2024-12-23 13:40:24 - INFO: 数据获取中……!
2024-12-23 13:40:24 - INFO: 数据获取成功!
2024-12-23 13:40:24 - INFO: 数据库连接关闭!
2024-12-23 13:40:33 - INFO: 生成 Excel 文件 合同明细.xlsx 成功!
2024-12-23 13:58:24 - INFO: 数据库连接成功!
2024-12-23 13:58:32 - INFO: 数据获取中……!
2024-12-23 13:58:32 - INFO: 数据获取成功!
2024-12-23 13:58:32 - INFO: 数据库连接关闭!
2024-12-23 13:59:03 - INFO: 数据库连接成功!
2024-12-23 13:59:10 - INFO: 数据获取中……!
2024-12-23 13:59:10 - INFO: 数据获取成功!
2024-12-23 13:59:10 - INFO: 数据库连接关闭!
2024-12-23 13:59:16 - INFO: 生成 Excel 文件 excel.xlsx 成功!
2024-12-23 14:16:26 - INFO: 测试日志
2024-12-23 14:25:44 - INFO: 测试日志
2024-12-23 14:25:54 - INFO: 测试日志
2024-12-23 14:28:27 - INFO: 测试日志
2024-12-23 14:29:59 - INFO: 测试日志
2024-12-23 14:34:37 - INFO: 测试日志
2024-12-23 14:39:34 - INFO: 创建Excel数据表...
2024-12-23 14:39:35 - INFO: 数据库连接开启!
2024-12-23 14:39:35 - INFO: 数据获取中...!
2024-12-23 14:39:43 - INFO: 数据获取成功!
2024-12-23 14:39:43 - INFO: 数据库连接关闭!
2024-12-23 14:39:43 - INFO: 数据写入中并格式化...
2024-12-23 14:39:48 - INFO: 生成 Excel 文件 出库明细.xlsx 成功!
2024-12-23 14:43:36 - INFO: 数据库连接开启!
2024-12-23 14:43:36 - INFO: 数据获取中...!
2024-12-23 14:43:44 - INFO: 数据获取成功!
2024-12-23 14:43:44 - INFO: 数据库连接关闭!
2024-12-23 14:43:44 - INFO: 创建并写入Excel数据表...
2024-12-23 14:43:49 - INFO: 生成 Excel 文件 出库明细.xlsx 成功!
2024-12-23 15:31:44 - INFO: 数据库连接开启!
2024-12-23 15:33:16 - INFO: 数据库连接开启!
2024-12-23 15:33:16 - INFO: 数据获取中...!
2024-12-23 15:33:24 - INFO: 数据获取成功!
2024-12-23 15:33:24 - INFO: 数据库连接关闭!
2024-12-23 15:33:24 - INFO: 创建并写入Excel数据表...
2024-12-23 15:34:06 - INFO: 数据库连接开启!
2024-12-23 15:36:35 - INFO: 数据库连接开启!
2024-12-23 15:36:35 - INFO: 数据获取中...!
2024-12-23 15:36:42 - INFO: 数据获取成功!
2024-12-23 15:36:42 - INFO: 数据库连接关闭!
2024-12-23 15:36:42 - INFO: 创建并写入Excel数据表...
2024-12-23 15:36:49 - INFO: 生成 Excel 文件 出库明细.xlsx 成功!
2024-12-23 15:38:01 - INFO: 数据库连接开启!
2024-12-23 15:38:01 - INFO: 数据获取中...!
2024-12-23 15:38:20 - INFO: 数据获取成功!
2024-12-23 15:38:20 - INFO: 数据库连接关闭!
2024-12-23 15:38:20 - INFO: 创建并写入Excel数据表...
2024-12-23 15:38:32 - INFO: 生成 Excel 文件 产品明细.xlsx 成功!
2024-12-23 15:39:36 - INFO: 数据库连接开启!
2024-12-23 15:42:19 - INFO: 数据库连接开启!
2024-12-23 15:42:19 - INFO: 数据获取中...!
2024-12-23 15:42:27 - INFO: 数据获取成功!
2024-12-23 15:42:27 - INFO: 数据库连接关闭!
2024-12-23 15:42:27 - INFO: 创建并写入Excel数据表...
2024-12-23 15:42:33 - INFO: 生成 Excel 文件 出库明细.xlsx 成功!
2024-12-23 15:46:52 - INFO: 数据库连接开启!
2024-12-23 15:46:52 - INFO: 数据获取中...!
2024-12-23 15:47:11 - INFO: 数据获取成功!
2024-12-23 15:47:11 - INFO: 数据库连接关闭!
2024-12-23 15:47:11 - INFO: 创建并写入Excel数据表...
2024-12-23 15:47:24 - INFO: 生成 Excel 文件 产品明细.xlsx 成功!
2024-12-23 15:48:03 - INFO: 数据库连接开启!
2024-12-23 16:01:26 - INFO: 数据库连接开启!
2024-12-23 16:01:26 - INFO: 数据获取中...!
2024-12-23 16:01:34 - INFO: 数据获取成功!
2024-12-23 16:01:34 - INFO: 数据库连接关闭!
2024-12-23 16:01:34 - INFO: 创建并写入Excel数据表...
2024-12-23 16:01:40 - INFO: 生成 Excel 文件 出库明细.xlsx 成功!
2024-12-23 16:51:54 - INFO: 数据库连接开启!
2024-12-23 16:53:24 - INFO: 数据库连接开启!
2024-12-23 16:53:24 - INFO: 数据获取中...!
2024-12-23 16:53:32 - INFO: 数据获取成功!
2024-12-23 16:53:32 - INFO: 数据库连接关闭!
2024-12-23 16:53:32 - INFO: 创建并写入Excel数据表...
2024-12-23 16:53:38 - INFO: 生成 Excel 文件 出库明细.xlsx 成功!
2024-12-23 16:54:48 - INFO: 数据库连接开启!
2024-12-24 09:07:49 - INFO: 数据库连接开启!
2024-12-24 09:07:49 - INFO: 数据获取中...!
2024-12-24 09:07:57 - INFO: 数据获取成功!
2024-12-24 09:07:57 - INFO: 数据库连接关闭!
2024-12-24 09:07:57 - INFO: 创建并写入Excel数据表...
2024-12-24 09:08:03 - INFO: 生成 Excel 文件 出库明细.xlsx 成功!
2024-12-24 09:10:18 - INFO: 数据库连接开启!
2024-12-24 09:10:18 - INFO: 数据获取中...!
2024-12-24 09:10:27 - INFO: 数据获取成功!
2024-12-24 09:10:27 - INFO: 数据库连接关闭!
2024-12-24 09:10:27 - INFO: 创建并写入Excel数据表...
2024-12-24 09:10:33 - INFO: 生成 Excel 文件 出库明细.xlsx 成功!
2024-12-24 09:31:03 - INFO: 数据库连接开启!
2024-12-24 11:26:08 - INFO: 数据库连接开启!
2024-12-24 11:26:08 - INFO: 数据获取中...!
2024-12-24 11:26:17 - INFO: 数据获取成功!
2024-12-24 11:26:17 - INFO: 数据库连接关闭!
2024-12-24 11:26:17 - INFO: 数据库连接关闭!
2024-12-24 11:26:17 - INFO: 创建并写入Excel数据表...
2024-12-24 11:26:22 - INFO: 生成 Excel 文件 出库明细.xlsx 成功!
2024-12-24 11:42:14 - INFO: 数据库连接开启!
2024-12-24 11:42:47 - INFO: 数据库连接开启!
2024-12-24 11:42:47 - INFO: 数据获取中...!
2024-12-24 11:42:55 - INFO: 数据获取成功!
2024-12-24 11:42:55 - INFO: 数据库连接关闭!
2024-12-24 11:42:55 - INFO: 数据库连接关闭!
2024-12-24 11:42:55 - INFO: 创建并写入Excel数据表...
2024-12-24 11:43:00 - INFO: 生成 Excel 文件 出库明细.xlsx 成功!
2024-12-24 11:43:55 - INFO: 数据库连接开启!
2024-12-24 11:43:55 - INFO: 数据获取中...!
2024-12-24 11:44:14 - INFO: 数据获取成功!
2024-12-24 11:44:14 - INFO: 数据库连接关闭!
2024-12-24 11:44:14 - INFO: 数据库连接关闭!
2024-12-24 11:44:14 - INFO: 创建并写入Excel数据表...
2024-12-24 11:44:26 - INFO: 生成 Excel 文件 产品明细.xlsx 成功!
2024-12-24 11:44:39 - INFO: 数据库连接开启!
2024-12-24 11:44:39 - INFO: 数据获取中...!
2024-12-24 11:44:46 - INFO: 数据获取成功!
2024-12-24 11:44:46 - INFO: 数据库连接关闭!
2024-12-24 11:44:46 - INFO: 数据库连接关闭!
2024-12-24 11:44:46 - INFO: 创建并写入Excel数据表...
2024-12-24 11:44:51 - INFO: 生成 Excel 文件 出库明细.xlsx 成功!
2024-12-24 11:47:46 - INFO: 数据库连接开启!
2024-12-24 11:47:46 - INFO: 数据获取中...!
2024-12-24 11:47:53 - INFO: 数据获取成功!
2024-12-24 11:47:53 - INFO: 数据库连接关闭!
2024-12-24 11:47:53 - INFO: 数据库连接关闭!
2024-12-24 11:47:53 - INFO: 创建并写入Excel数据表...
2024-12-24 11:47:59 - INFO: 生成 Excel 文件 出库明细.xlsx 成功!
2024-12-24 13:24:33 - INFO: 数据库连接开启!
2024-12-24 13:24:33 - INFO: 数据获取中...!
2024-12-24 13:24:41 - INFO: 数据获取成功!
2024-12-24 13:24:41 - INFO: 数据库连接关闭!
2024-12-24 13:24:41 - INFO: 数据库连接关闭!
2024-12-24 13:27:01 - INFO: 数据库连接开启!
2024-12-24 13:27:01 - INFO: 数据获取中...!
2024-12-24 13:27:10 - INFO: 数据获取成功!
2024-12-24 13:27:10 - INFO: 数据库连接关闭!
2024-12-24 13:27:10 - INFO: 数据库连接关闭!
2024-12-24 13:27:10 - INFO: 创建并写入Excel数据表...
2024-12-24 13:27:15 - INFO: 生成 Excel 文件 出库明细.xlsx 成功!
2024-12-24 13:29:09 - INFO: 数据库连接开启!
2024-12-24 13:29:09 - INFO: 数据获取中...!
2024-12-24 13:29:33 - INFO: 数据获取成功!
2024-12-24 13:29:33 - INFO: 数据库连接关闭!
2024-12-24 13:29:33 - INFO: 创建并写入Excel数据表...
2024-12-24 13:29:45 - INFO: 生成 Excel 文件 产品明细.xlsx 成功!
2024-12-24 13:31:07 - INFO: 数据库连接开启!
2024-12-24 13:31:07 - INFO: 数据获取中...!
2024-12-24 13:31:14 - INFO: 数据获取成功!
2024-12-24 13:31:14 - INFO: 数据库连接关闭!
2024-12-24 13:31:14 - INFO: 创建并写入Excel数据表...
2024-12-24 13:31:20 - INFO: 生成 Excel 文件 出库明细.xlsx 成功!
2024-12-24 14:32:07 - INFO: 数据库连接开启!
2024-12-24 14:32:07 - INFO: 数据获取中...!
2024-12-24 14:32:16 - INFO: 数据获取成功!
2024-12-24 14:32:16 - INFO: 数据库连接关闭!
2024-12-24 14:32:16 - INFO: 创建并写入Excel数据表...
2024-12-24 14:32:38 - INFO: 生成 Excel 文件 出库明细.xlsx 成功!
2024-12-24 14:36:22 - INFO: 数据库连接开启!
2024-12-24 14:36:22 - INFO: 数据获取中...!
2024-12-24 14:36:41 - INFO: 数据获取成功!
2024-12-24 14:36:41 - INFO: 数据库连接关闭!
2024-12-24 14:36:41 - INFO: 创建并写入Excel数据表...
2024-12-24 14:36:53 - INFO: 生成 Excel 文件 产品明细.xlsx 成功!
2024-12-24 14:38:24 - INFO: 数据库连接开启!
2024-12-24 14:38:24 - INFO: 数据获取中...!
2024-12-24 14:38:33 - INFO: 数据获取成功!
2024-12-24 14:38:33 - INFO: 数据库连接关闭!
2024-12-24 14:38:33 - INFO: 创建并写入Excel数据表...
2024-12-24 14:38:38 - INFO: 生成 Excel 文件 出库明细.xlsx 成功!
2024-12-24 14:38:44 - INFO: 数据库连接开启!
2024-12-24 14:38:44 - INFO: 数据获取中...!
2024-12-24 14:39:04 - INFO: 数据获取成功!
2024-12-24 14:39:04 - INFO: 数据库连接关闭!
2024-12-24 14:39:04 - INFO: 创建并写入Excel数据表...
2024-12-24 14:39:15 - INFO: 生成 Excel 文件 产品明细.xlsx 成功!
2024-12-24 14:40:22 - INFO: 数据库连接开启!
2024-12-24 14:40:22 - INFO: 数据获取中...!
2024-12-24 14:40:29 - INFO: 数据获取成功!
2024-12-24 14:40:29 - INFO: 数据库连接关闭!
2024-12-24 14:40:29 - INFO: 创建并写入Excel数据表...
2024-12-24 14:40:35 - INFO: 生成 Excel 文件 出库明细.xlsx 成功!
2024-12-24 14:46:10 - INFO: 数据库连接开启!
2024-12-24 14:46:10 - INFO: 数据获取中...!
2024-12-24 14:46:28 - INFO: 数据获取成功!
2024-12-24 14:46:28 - INFO: 数据库连接关闭!
2024-12-24 14:46:28 - INFO: 创建并写入Excel数据表...
2024-12-24 14:46:40 - INFO: 生成 Excel 文件 产品明细.xlsx 成功!
2024-12-24 14:47:38 - INFO: 数据库连接开启!
2024-12-24 14:47:38 - INFO: 数据获取中...!
2024-12-24 14:47:45 - INFO: 数据获取成功!
2024-12-24 14:47:45 - INFO: 数据库连接关闭!
2024-12-24 14:47:45 - INFO: 创建并写入Excel数据表...
2024-12-24 14:47:51 - INFO: 生成 Excel 文件 出库明细.xlsx 成功!
2024-12-25 16:21:21 - INFO: 数据库连接开启!
2024-12-25 16:21:21 - INFO: 数据获取中...!
2024-12-25 16:21:29 - INFO: 数据获取成功!
2024-12-25 16:21:29 - INFO: 数据库连接关闭!
2024-12-25 16:21:29 - INFO: 创建并写入Excel数据表...
2024-12-25 16:21:34 - INFO: 生成 Excel 文件 出库明细.xlsx 成功!
2024-12-25 16:37:12 - INFO: 数据库连接开启!
2024-12-25 16:37:12 - INFO: 数据获取中...!
2024-12-25 16:37:20 - INFO: 数据获取成功!
2024-12-25 16:37:20 - INFO: 数据库连接关闭!
2024-12-25 16:37:20 - INFO: 创建并写入Excel数据表...
2024-12-25 16:37:25 - INFO: 生成 Excel 文件 出库明细.xlsx 成功!
2024-12-25 16:37:54 - INFO: 数据库连接开启!
2024-12-25 16:37:54 - INFO: 数据获取中...!
2024-12-25 16:38:02 - INFO: 数据获取成功!
2024-12-25 16:38:02 - INFO: 数据库连接关闭!
2024-12-25 16:38:02 - INFO: 创建并写入Excel数据表...
2024-12-25 16:38:08 - INFO: 生成 Excel 文件 出库明细.xlsx 成功!
2024-12-25 16:52:29 - INFO: 数据库连接开启!
2024-12-25 16:52:29 - INFO: 数据获取中...!
2024-12-25 16:52:37 - INFO: 数据获取成功!
2024-12-25 16:52:37 - INFO: 数据库连接关闭!
2024-12-25 16:52:37 - INFO: 创建并写入Excel数据表...
2024-12-25 16:52:43 - INFO: 生成 Excel 文件 出库明细.xlsx 成功!
