2024-12-25 17:00:37 - INFO: 数据库连接开启!
2024-12-25 17:00:37 - INFO: 数据获取中...!
2024-12-25 17:00:45 - INFO: 数据获取成功!
2024-12-25 17:00:45 - INFO: 数据库连接关闭!
2024-12-25 17:00:45 - INFO: 创建并写入Excel数据表...
2024-12-25 17:00:50 - INFO: 生成 Excel 文件 出库明细.xlsx 成功!
2024-12-25 17:01:10 - INFO: 数据库连接开启!
2024-12-25 17:01:10 - INFO: 数据获取中...!
2024-12-25 17:01:29 - INFO: 数据获取成功!
2024-12-25 17:01:29 - INFO: 数据库连接关闭!
2024-12-25 17:01:29 - INFO: 创建并写入Excel数据表...
2024-12-25 17:01:40 - INFO: 生成 Excel 文件 产品明细.xlsx 成功!
2024-12-31 14:17:22 - INFO: 数据库连接开启!
2024-12-31 14:17:22 - INFO: 数据获取中...!
2024-12-31 14:17:31 - INFO: 数据获取成功!
2024-12-31 14:17:31 - INFO: 数据库连接关闭!
2024-12-31 14:17:31 - INFO: 创建并写入Excel数据表...
2024-12-31 14:17:36 - INFO: 生成 Excel 文件 出库明细.xlsx 成功!
2024-12-31 14:17:40 - INFO: 数据库连接开启!
2024-12-31 14:17:40 - INFO: 数据获取中...!
2024-12-31 14:18:00 - INFO: 数据获取成功!
2024-12-31 14:18:00 - INFO: 数据库连接关闭!
2024-12-31 14:18:00 - INFO: 创建并写入Excel数据表...
2024-12-31 14:18:14 - INFO: 生成 Excel 文件 产品明细.xlsx 成功!
2024-12-31 14:18:15 - INFO: 数据库连接开启!
2024-12-31 14:18:15 - INFO: 数据获取中...!
2024-12-31 14:18:16 - INFO: 数据获取成功!
2024-12-31 14:18:16 - INFO: 数据库连接关闭!
2024-12-31 14:18:16 - INFO: 创建并写入Excel数据表...
2024-12-31 14:18:20 - INFO: 数据库连接开启!
2024-12-31 14:18:20 - INFO: 数据获取中...!
2024-12-31 14:18:21 - INFO: 数据获取成功!
2024-12-31 14:18:21 - INFO: 数据库连接关闭!
2024-12-31 14:18:21 - INFO: 创建并写入Excel数据表...
2024-12-31 14:18:22 - INFO: 生成 Excel 文件 装配收入.xlsx 成功!
2024-12-31 14:18:22 - INFO: 生成 Excel 文件 订单明细.xlsx 成功!
2024-12-31 14:18:27 - INFO: 数据库连接开启!
2024-12-31 14:18:27 - INFO: 数据获取中...!
2024-12-31 14:18:27 - INFO: 数据获取成功!
2024-12-31 14:18:27 - INFO: 数据库连接关闭!
2024-12-31 14:18:27 - INFO: 创建并写入Excel数据表...
2024-12-31 14:18:28 - INFO: 生成 Excel 文件 研发利润.xlsx 成功!
2024-12-31 14:18:31 - INFO: 数据库连接开启!
2024-12-31 14:18:31 - INFO: 数据获取中...!
2024-12-31 14:18:34 - INFO: 数据获取成功!
2024-12-31 14:18:34 - INFO: 数据库连接关闭!
2024-12-31 14:18:34 - INFO: 创建并写入Excel数据表...
2024-12-31 14:18:36 - INFO: 数据库连接开启!
2024-12-31 14:18:36 - INFO: 数据获取中...!
2024-12-31 14:18:42 - INFO: 数据获取成功!
2024-12-31 14:18:42 - INFO: 数据库连接关闭!
2024-12-31 14:18:42 - INFO: 创建并写入Excel数据表...
2024-12-31 14:18:50 - INFO: 生成 Excel 文件 利润明细.xlsx 成功!
2024-12-31 14:19:00 - INFO: 生成 Excel 文件 分配收入.xlsx 成功!
2025-01-15 11:01:23 - INFO: 数据库连接开启!
2025-01-15 11:01:23 - INFO: 数据获取中...!
2025-01-15 11:01:31 - INFO: 数据获取成功!
2025-01-15 11:01:31 - INFO: 数据库连接关闭!
2025-01-15 11:01:31 - INFO: 创建并写入Excel数据表...
2025-01-15 11:01:37 - INFO: 生成 Excel 文件 出库明细.xlsx 成功!
2025-01-15 11:01:55 - INFO: 数据库连接开启!
2025-01-15 11:01:55 - INFO: 数据获取中...!
2025-01-15 11:02:15 - INFO: 数据获取成功!
2025-01-15 11:02:15 - INFO: 数据库连接关闭!
2025-01-15 11:02:15 - INFO: 创建并写入Excel数据表...
2025-01-15 11:02:21 - INFO: 数据库连接开启!
2025-01-15 11:02:21 - INFO: 数据获取中...!
2025-01-15 11:02:26 - INFO: 数据获取成功!
2025-01-15 11:02:26 - INFO: 数据库连接关闭!
2025-01-15 11:02:26 - INFO: 创建并写入Excel数据表...
2025-01-15 11:02:31 - INFO: 数据库连接开启!
2025-01-15 11:02:31 - INFO: 数据获取中...!
2025-01-15 11:02:32 - INFO: 生成 Excel 文件 订单明细.xlsx 成功!
2025-01-15 11:02:32 - INFO: 生成 Excel 文件 产品明细.xlsx 成功!
2025-01-15 11:02:39 - INFO: 数据获取成功!
2025-01-15 11:02:39 - INFO: 数据库连接关闭!
2025-01-15 11:02:39 - INFO: 创建并写入Excel数据表...
2025-01-15 11:02:49 - INFO: 生成 Excel 文件 合同明细.xlsx 成功!
